app/build/intermediates/manifest_merge_blame_file/debug/manifest-merger-blame-debug-report.txt
1<?xml version="1.0" encoding="utf-8"?>
2<manifest xmlns:android="http://schemas.android.com/apk/res/android"
3    package="com.example.restaurante"
4    android:versionCode="1"
5    android:versionName="1.0" >
6
7    <uses-sdk
8        android:minSdkVersion="22"
8-->src\main\AndroidManifest.xml
9        android:targetSdkVersion="29" />
9-->src\main\AndroidManifest.xml
10
11    <uses-permission android:name="android.permission.INTERNET" />
11-->[com.google.firebase:firebase-auth:20.0.0] AndroidManifest.xml:23:5-67
11-->[com.google.firebase:firebase-auth:20.0.0] AndroidManifest.xml:23:22-64
12    <uses-permission android:name="android.permission.ACCESS_NETWORK_STATE" />
12-->[com.google.firebase:firebase-auth:20.0.0] AndroidManifest.xml:24:5-79
12-->[com.google.firebase:firebase-auth:20.0.0] AndroidManifest.xml:24:22-76
13    <uses-permission android:name="android.permission.WAKE_LOCK" />
13-->[com.google.android.gms:play-services-measurement-api:18.0.0] AndroidManifest.xml:24:5-68
13-->[com.google.android.gms:play-services-measurement-api:18.0.0] AndroidManifest.xml:24:22-65
14    <uses-permission android:name="com.google.android.finsky.permission.BIND_GET_INSTALL_REFERRER_SERVICE" />
14-->[com.google.android.gms:play-services-measurement:18.0.0] AndroidManifest.xml:26:5-110
14-->[com.google.android.gms:play-services-measurement:18.0.0] AndroidManifest.xml:26:22-107
15
16    <application
16-->src\main\AndroidManifest.xml:5:5-24:19
17        android:allowBackup="true"
17-->src\main\AndroidManifest.xml:6:9-35
18        android:appComponentFactory="androidx.core.app.CoreComponentFactory"
18-->[androidx.core:core:1.3.1] AndroidManifest.xml:24:18-86
19        android:debuggable="true"
20        android:icon="@mipmap/ic_launcher"
20-->src\main\AndroidManifest.xml:7:9-43
21        android:label="@string/app_name"
21-->src\main\AndroidManifest.xml:8:9-41
22        android:roundIcon="@mipmap/ic_launcher_round"
22-->src\main\AndroidManifest.xml:9:9-54
23        android:supportsRtl="true"
23-->src\main\AndroidManifest.xml:10:9-35
24        android:testOnly="true"
25        android:theme="@style/AppTheme" >
25-->src\main\AndroidManifest.xml:11:9-40
26        <activity android:name="com.example.a1tutorial.activity.camarero.Fragment_camarero" />
26-->src\main\AndroidManifest.xml:12:9-72
26-->src\main\AndroidManifest.xml:12:19-70
27        <activity android:name="com.example.a1tutorial.activity.cocinero.Fragment_cocinero" />
27-->src\main\AndroidManifest.xml:13:9-72
27-->src\main\AndroidManifest.xml:13:19-70
28        <activity android:name="com.example.a1tutorial.activity.barra.Fragment_barra" />
28-->src\main\AndroidManifest.xml:14:9-66
28-->src\main\AndroidManifest.xml:14:19-64
29        <activity android:name="com.example.a1tutorial.activity.RegisterActivity" />
29-->src\main\AndroidManifest.xml:15:9-63
29-->src\main\AndroidManifest.xml:15:19-60
30        <activity android:name="com.example.a1tutorial.activity.HomeActivity" />
30-->src\main\AndroidManifest.xml:16:9-59
30-->src\main\AndroidManifest.xml:16:19-56
31        <activity android:name="com.example.a1tutorial.activity.AuthActivity" >
31-->src\main\AndroidManifest.xml:17:9-23:20
31-->src\main\AndroidManifest.xml:17:19-56
32            <intent-filter>
32-->src\main\AndroidManifest.xml:18:13-22:29
33                <action android:name="android.intent.action.MAIN" />
33-->src\main\AndroidManifest.xml:19:17-69
33-->src\main\AndroidManifest.xml:19:25-66
34
35                <category android:name="android.intent.category.LAUNCHER" />
35-->src\main\AndroidManifest.xml:21:17-77
35-->src\main\AndroidManifest.xml:21:27-74
36            </intent-filter>
37        </activity>
38        <activity
38-->[com.google.firebase:firebase-auth:20.0.0] AndroidManifest.xml:27:9-34:50
39            android:name="com.google.firebase.auth.internal.FederatedSignInActivity"
39-->[com.google.firebase:firebase-auth:20.0.0] AndroidManifest.xml:28:13-85
40            android:excludeFromRecents="true"
40-->[com.google.firebase:firebase-auth:20.0.0] AndroidManifest.xml:29:13-46
41            android:exported="true"
41-->[com.google.firebase:firebase-auth:20.0.0] AndroidManifest.xml:30:13-36
42            android:launchMode="singleTask"
42-->[com.google.firebase:firebase-auth:20.0.0] AndroidManifest.xml:31:13-44
43            android:permission="com.google.firebase.auth.api.gms.permission.LAUNCH_FEDERATED_SIGN_IN"
43-->[com.google.firebase:firebase-auth:20.0.0] AndroidManifest.xml:32:13-102
44            android:theme="@android:style/Theme.Translucent.NoTitleBar" />
44-->[com.google.firebase:firebase-auth:20.0.0] AndroidManifest.xml:33:13-72
45        <activity
45-->[com.google.firebase:firebase-auth:20.0.0] AndroidManifest.xml:35:9-52:20
46            android:name="com.google.firebase.auth.internal.GenericIdpActivity"
46-->[com.google.firebase:firebase-auth:20.0.0] AndroidManifest.xml:36:13-80
47            android:excludeFromRecents="true"
47-->[com.google.firebase:firebase-auth:20.0.0] AndroidManifest.xml:37:13-46
48            android:exported="true"
48-->[com.google.firebase:firebase-auth:20.0.0] AndroidManifest.xml:38:13-36
49            android:launchMode="singleTask"
49-->[com.google.firebase:firebase-auth:20.0.0] AndroidManifest.xml:39:13-44
50            android:theme="@android:style/Theme.Translucent.NoTitleBar" >
50-->[com.google.firebase:firebase-auth:20.0.0] AndroidManifest.xml:40:13-72
51            <intent-filter>
51-->[com.google.firebase:firebase-auth:20.0.0] AndroidManifest.xml:41:13-51:29
52                <action android:name="android.intent.action.VIEW" />
52-->[com.google.firebase:firebase-auth:20.0.0] AndroidManifest.xml:42:17-69
52-->[com.google.firebase:firebase-auth:20.0.0] AndroidManifest.xml:42:25-66
53
54                <category android:name="android.intent.category.DEFAULT" />
54-->[com.google.firebase:firebase-auth:20.0.0] AndroidManifest.xml:44:17-76
54-->[com.google.firebase:firebase-auth:20.0.0] AndroidManifest.xml:44:27-73
55                <category android:name="android.intent.category.BROWSABLE" />
55-->[com.google.firebase:firebase-auth:20.0.0] AndroidManifest.xml:45:17-78
55-->[com.google.firebase:firebase-auth:20.0.0] AndroidManifest.xml:45:27-75
56
57                <data
57-->[com.google.firebase:firebase-auth:20.0.0] AndroidManifest.xml:47:17-50:51
58                    android:host="firebase.auth"
58-->[com.google.firebase:firebase-auth:20.0.0] AndroidManifest.xml:48:21-49
59                    android:path="/"
59-->[com.google.firebase:firebase-auth:20.0.0] AndroidManifest.xml:49:21-37
60                    android:scheme="genericidp" />
60-->[com.google.firebase:firebase-auth:20.0.0] AndroidManifest.xml:50:21-48
61            </intent-filter>
62        </activity>
63        <activity
63-->[com.google.firebase:firebase-auth:20.0.0] AndroidManifest.xml:53:9-70:20
64            android:name="com.google.firebase.auth.internal.RecaptchaActivity"
64-->[com.google.firebase:firebase-auth:20.0.0] AndroidManifest.xml:54:13-79
65            android:excludeFromRecents="true"
65-->[com.google.firebase:firebase-auth:20.0.0] AndroidManifest.xml:55:13-46
66            android:exported="true"
66-->[com.google.firebase:firebase-auth:20.0.0] AndroidManifest.xml:56:13-36
67            android:launchMode="singleTask"
67-->[com.google.firebase:firebase-auth:20.0.0] AndroidManifest.xml:57:13-44
68            android:theme="@android:style/Theme.Translucent.NoTitleBar" >
68-->[com.google.firebase:firebase-auth:20.0.0] AndroidManifest.xml:58:13-72
69            <intent-filter>
69-->[com.google.firebase:firebase-auth:20.0.0] AndroidManifest.xml:59:13-69:29
70                <action android:name="android.intent.action.VIEW" />
70-->[com.google.firebase:firebase-auth:20.0.0] AndroidManifest.xml:42:17-69
70-->[com.google.firebase:firebase-auth:20.0.0] AndroidManifest.xml:42:25-66
71
72                <category android:name="android.intent.category.DEFAULT" />
72-->[com.google.firebase:firebase-auth:20.0.0] AndroidManifest.xml:44:17-76
72-->[com.google.firebase:firebase-auth:20.0.0] AndroidManifest.xml:44:27-73
73                <category android:name="android.intent.category.BROWSABLE" />
73-->[com.google.firebase:firebase-auth:20.0.0] AndroidManifest.xml:45:17-78
73-->[com.google.firebase:firebase-auth:20.0.0] AndroidManifest.xml:45:27-75
74
75                <data
75-->[com.google.firebase:firebase-auth:20.0.0] AndroidManifest.xml:47:17-50:51
76                    android:host="firebase.auth"
76-->[com.google.firebase:firebase-auth:20.0.0] AndroidManifest.xml:48:21-49
77                    android:path="/"
77-->[com.google.firebase:firebase-auth:20.0.0] AndroidManifest.xml:49:21-37
78                    android:scheme="recaptcha" />
78-->[com.google.firebase:firebase-auth:20.0.0] AndroidManifest.xml:50:21-48
79            </intent-filter>
80        </activity>
81
82        <service
82-->[com.google.firebase:firebase-auth:20.0.0] AndroidManifest.xml:72:9-81:19
83            android:name="com.google.firebase.auth.api.fallback.service.FirebaseAuthFallbackService"
83-->[com.google.firebase:firebase-auth:20.0.0] AndroidManifest.xml:73:13-101
84            android:enabled="true"
84-->[com.google.firebase:firebase-auth:20.0.0] AndroidManifest.xml:74:13-35
85            android:exported="false" >
85-->[com.google.firebase:firebase-auth:20.0.0] AndroidManifest.xml:75:13-37
86            <intent-filter>
86-->[com.google.firebase:firebase-auth:20.0.0] AndroidManifest.xml:76:13-80:29
87                <action android:name="com.google.firebase.auth.api.gms.service.START" />
87-->[com.google.firebase:firebase-auth:20.0.0] AndroidManifest.xml:77:17-89
87-->[com.google.firebase:firebase-auth:20.0.0] AndroidManifest.xml:77:25-86
88
89                <category android:name="android.intent.category.DEFAULT" />
89-->[com.google.firebase:firebase-auth:20.0.0] AndroidManifest.xml:44:17-76
89-->[com.google.firebase:firebase-auth:20.0.0] AndroidManifest.xml:44:27-73
90            </intent-filter>
91        </service>
92        <service
92-->[com.google.firebase:firebase-auth:20.0.0] AndroidManifest.xml:82:9-88:19
93            android:name="com.google.firebase.components.ComponentDiscoveryService"
93-->[com.google.firebase:firebase-auth:20.0.0] AndroidManifest.xml:83:13-84
94            android:directBootAware="true"
94-->[com.google.firebase:firebase-common:19.3.1] AndroidManifest.xml:35:13-43
95            android:exported="false" >
95-->[com.google.firebase:firebase-auth:20.0.0] AndroidManifest.xml:84:13-37
96            <meta-data
96-->[com.google.firebase:firebase-auth:20.0.0] AndroidManifest.xml:85:13-87:85
97                android:name="com.google.firebase.components:com.google.firebase.auth.FirebaseAuthRegistrar"
97-->[com.google.firebase:firebase-auth:20.0.0] AndroidManifest.xml:86:17-109
98                android:value="com.google.firebase.components.ComponentRegistrar" />
98-->[com.google.firebase:firebase-auth:20.0.0] AndroidManifest.xml:87:17-82
99            <meta-data
99-->[com.google.firebase:firebase-database:19.5.1] AndroidManifest.xml:32:13-34:85
100                android:name="com.google.firebase.components:com.google.firebase.database.DatabaseRegistrar"
100-->[com.google.firebase:firebase-database:19.5.1] AndroidManifest.xml:33:17-109
101                android:value="com.google.firebase.components.ComponentRegistrar" />
101-->[com.google.firebase:firebase-database:19.5.1] AndroidManifest.xml:34:17-82
102            <meta-data
102-->[com.google.firebase:firebase-firestore:22.0.0] AndroidManifest.xml:20:13-22:85
103                android:name="com.google.firebase.components:com.google.firebase.firestore.FirestoreRegistrar"
103-->[com.google.firebase:firebase-firestore:22.0.0] AndroidManifest.xml:21:17-111
104                android:value="com.google.firebase.components.ComponentRegistrar" />
104-->[com.google.firebase:firebase-firestore:22.0.0] AndroidManifest.xml:22:17-82
105            <meta-data
105-->[com.google.android.gms:play-services-measurement-api:18.0.0] AndroidManifest.xml:30:13-32:85
106                android:name="com.google.firebase.components:com.google.firebase.analytics.connector.internal.AnalyticsConnectorRegistrar"
106-->[com.google.android.gms:play-services-measurement-api:18.0.0] AndroidManifest.xml:31:17-139
107                android:value="com.google.firebase.components.ComponentRegistrar" />
107-->[com.google.android.gms:play-services-measurement-api:18.0.0] AndroidManifest.xml:32:17-82
108            <meta-data
108-->[com.google.firebase:firebase-installations:16.3.3] AndroidManifest.xml:17:13-19:85
109                android:name="com.google.firebase.components:com.google.firebase.installations.FirebaseInstallationsRegistrar"
109-->[com.google.firebase:firebase-installations:16.3.3] AndroidManifest.xml:18:17-127
110                android:value="com.google.firebase.components.ComponentRegistrar" />
110-->[com.google.firebase:firebase-installations:16.3.3] AndroidManifest.xml:19:17-82
111        </service>
112
113        <provider
113-->[com.google.firebase:firebase-common:19.3.1] AndroidManifest.xml:26:9-31:39
114            android:name="com.google.firebase.provider.FirebaseInitProvider"
114-->[com.google.firebase:firebase-common:19.3.1] AndroidManifest.xml:27:13-77
115            android:authorities="com.example.restaurante.firebaseinitprovider"
115-->[com.google.firebase:firebase-common:19.3.1] AndroidManifest.xml:28:13-72
116            android:directBootAware="true"
116-->[com.google.firebase:firebase-common:19.3.1] AndroidManifest.xml:29:13-43
117            android:exported="false"
117-->[com.google.firebase:firebase-common:19.3.1] AndroidManifest.xml:30:13-37
118            android:initOrder="100" />
118-->[com.google.firebase:firebase-common:19.3.1] AndroidManifest.xml:31:13-36
119
120        <activity
120-->[com.google.android.gms:play-services-base:17.1.0] AndroidManifest.xml:23:9-26:75
121            android:name="com.google.android.gms.common.api.GoogleApiActivity"
121-->[com.google.android.gms:play-services-base:17.1.0] AndroidManifest.xml:24:13-79
122            android:exported="false"
122-->[com.google.android.gms:play-services-base:17.1.0] AndroidManifest.xml:25:13-37
123            android:theme="@android:style/Theme.Translucent.NoTitleBar" />
123-->[com.google.android.gms:play-services-base:17.1.0] AndroidManifest.xml:26:13-72
124
125        <receiver
125-->[com.google.android.gms:play-services-measurement:18.0.0] AndroidManifest.xml:29:9-33:20
126            android:name="com.google.android.gms.measurement.AppMeasurementReceiver"
126-->[com.google.android.gms:play-services-measurement:18.0.0] AndroidManifest.xml:30:13-85
127            android:enabled="true"
127-->[com.google.android.gms:play-services-measurement:18.0.0] AndroidManifest.xml:31:13-35
128            android:exported="false" >
128-->[com.google.android.gms:play-services-measurement:18.0.0] AndroidManifest.xml:32:13-37
129        </receiver>
130
131        <service
131-->[com.google.android.gms:play-services-measurement:18.0.0] AndroidManifest.xml:35:9-38:40
132            android:name="com.google.android.gms.measurement.AppMeasurementService"
132-->[com.google.android.gms:play-services-measurement:18.0.0] AndroidManifest.xml:36:13-84
133            android:enabled="true"
133-->[com.google.android.gms:play-services-measurement:18.0.0] AndroidManifest.xml:37:13-35
134            android:exported="false" />
134-->[com.google.android.gms:play-services-measurement:18.0.0] AndroidManifest.xml:38:13-37
135        <service
135-->[com.google.android.gms:play-services-measurement:18.0.0] AndroidManifest.xml:39:9-43:72
136            android:name="com.google.android.gms.measurement.AppMeasurementJobService"
136-->[com.google.android.gms:play-services-measurement:18.0.0] AndroidManifest.xml:40:13-87
137            android:enabled="true"
137-->[com.google.android.gms:play-services-measurement:18.0.0] AndroidManifest.xml:41:13-35
138            android:exported="false"
138-->[com.google.android.gms:play-services-measurement:18.0.0] AndroidManifest.xml:42:13-37
139            android:permission="android.permission.BIND_JOB_SERVICE" />
139-->[com.google.android.gms:play-services-measurement:18.0.0] AndroidManifest.xml:43:13-69
140
141        <meta-data
141-->[com.google.android.gms:play-services-basement:17.1.0] AndroidManifest.xml:23:9-25:69
142            android:name="com.google.android.gms.version"
142-->[com.google.android.gms:play-services-basement:17.1.0] AndroidManifest.xml:24:13-58
143            android:value="@integer/google_play_services_version" />
143-->[com.google.android.gms:play-services-basement:17.1.0] AndroidManifest.xml:25:13-66
144    </application>
145
146</manifest>